<?xml version="1.0" encoding="UTF-8"?>
<testsuite name="trip.planner.TripControllerSpec" tests="7" skipped="0" failures="5" errors="0" timestamp="2016-06-22T14:04:43" hostname="Leas-MacBook-Air.local" time="4.947">
  <properties/>
  <testcase name="Test the index action returns the correct model" classname="trip.planner.TripControllerSpec" time="4.571"/>
  <testcase name="Test the create action returns the correct model" classname="trip.planner.TripControllerSpec" time="0.091"/>
  <testcase name="Test the save action correctly persists an instance" classname="trip.planner.TripControllerSpec" time="0.082">
    <failure message="Condition not satisfied:&#10;&#10;false&#10;&#10;TODO: Provide a populateValidParams() implementation for this generated test suite&#10;" type="org.spockframework.runtime.ConditionNotSatisfiedError">Condition not satisfied:

false

TODO: Provide a populateValidParams() implementation for this generated test suite

	at trip.planner.TripControllerSpec.populateValidParams(TripControllerSpec.groovy:15)
	at trip.planner.TripControllerSpec.Test the save action correctly persists an instance(TripControllerSpec.groovy:51)
</failure>
  </testcase>
  <testcase name="Test that the show action returns the correct model" classname="trip.planner.TripControllerSpec" time="0.018">
    <failure message="Condition not satisfied:&#10;&#10;false&#10;&#10;TODO: Provide a populateValidParams() implementation for this generated test suite&#10;" type="org.spockframework.runtime.ConditionNotSatisfiedError">Condition not satisfied:

false

TODO: Provide a populateValidParams() implementation for this generated test suite

	at trip.planner.TripControllerSpec.populateValidParams(TripControllerSpec.groovy:15)
	at trip.planner.TripControllerSpec.Test that the show action returns the correct model(TripControllerSpec.groovy:70)
</failure>
  </testcase>
  <testcase name="Test that the edit action returns the correct model" classname="trip.planner.TripControllerSpec" time="0.016">
    <failure message="Condition not satisfied:&#10;&#10;false&#10;&#10;TODO: Provide a populateValidParams() implementation for this generated test suite&#10;" type="org.spockframework.runtime.ConditionNotSatisfiedError">Condition not satisfied:

false

TODO: Provide a populateValidParams() implementation for this generated test suite

	at trip.planner.TripControllerSpec.populateValidParams(TripControllerSpec.groovy:15)
	at trip.planner.TripControllerSpec.Test that the edit action returns the correct model(TripControllerSpec.groovy:86)
</failure>
  </testcase>
  <testcase name="Test the update action performs an update on a valid domain instance" classname="trip.planner.TripControllerSpec" time="0.156">
    <failure message="Condition not satisfied:&#10;&#10;false&#10;&#10;TODO: Provide a populateValidParams() implementation for this generated test suite&#10;" type="org.spockframework.runtime.ConditionNotSatisfiedError">Condition not satisfied:

false

TODO: Provide a populateValidParams() implementation for this generated test suite

	at trip.planner.TripControllerSpec.populateValidParams(TripControllerSpec.groovy:15)
	at trip.planner.TripControllerSpec.Test the update action performs an update on a valid domain instance(TripControllerSpec.groovy:116)
</failure>
  </testcase>
  <testcase name="Test that the delete action deletes an instance if it exists" classname="trip.planner.TripControllerSpec" time="0.013">
    <failure message="Condition not satisfied:&#10;&#10;false&#10;&#10;TODO: Provide a populateValidParams() implementation for this generated test suite&#10;" type="org.spockframework.runtime.ConditionNotSatisfiedError">Condition not satisfied:

false

TODO: Provide a populateValidParams() implementation for this generated test suite

	at trip.planner.TripControllerSpec.populateValidParams(TripControllerSpec.groovy:15)
	at trip.planner.TripControllerSpec.Test that the delete action deletes an instance if it exists(TripControllerSpec.groovy:138)
</failure>
  </testcase>
  <system-out><![CDATA[]]></system-out>
  <system-err><![CDATA[]]></system-err>
</testsuite>
